<?xml version="1.0" encoding="UTF-8"?>
<testng-results skipped="0" failed="0" ignored="0" total="3" passed="3">
  <reporter-output>
  </reporter-output>
  <suite name="Suite" duration-ms="49" started-at="2020-06-16T13:12:19Z" finished-at="2020-06-16T13:12:19Z">
    <groups>
    </groups>
    <test name="Test" duration-ms="49" started-at="2020-06-16T13:12:19Z" finished-at="2020-06-16T13:12:19Z">
      <class name="package1.Class1">
        <test-method status="PASS" signature="Yamaha()[pri:0, instance:package1.Class1@35a50a4c]" name="Yamaha" duration-ms="11" started-at="2020-06-16T13:12:19Z" finished-at="2020-06-16T13:12:19Z">
          <reporter-output>
          </reporter-output>
        </test-method> <!-- Yamaha -->
      </class> <!-- package1.Class1 -->
    </test> <!-- Test -->
  </suite> <!-- Suite -->
  <suite name="Suite (1)" duration-ms="3" started-at="2020-06-16T13:12:19Z" finished-at="2020-06-16T13:12:19Z">
    <groups>
    </groups>
    <test name="Test" duration-ms="3" started-at="2020-06-16T13:12:19Z" finished-at="2020-06-16T13:12:19Z">
      <class name="package3.Class3">
        <test-method status="PASS" signature="BMW()[pri:0, instance:package3.Class3@4f51b3e0]" name="BMW" duration-ms="1" started-at="2020-06-16T13:12:19Z" finished-at="2020-06-16T13:12:19Z">
          <reporter-output>
          </reporter-output>
        </test-method> <!-- BMW -->
      </class> <!-- package3.Class3 -->
    </test> <!-- Test -->
  </suite> <!-- Suite (1) -->
  <suite name="Suite (0)" duration-ms="1" started-at="2020-06-16T13:12:19Z" finished-at="2020-06-16T13:12:19Z">
    <groups>
    </groups>
    <test name="Test" duration-ms="1" started-at="2020-06-16T13:12:19Z" finished-at="2020-06-16T13:12:19Z">
      <class name="package2.Class2">
        <test-method status="PASS" signature="Apple()[pri:0, instance:package2.Class2@43d7741f]" name="Apple" duration-ms="0" started-at="2020-06-16T13:12:19Z" finished-at="2020-06-16T13:12:19Z">
          <reporter-output>
          </reporter-output>
        </test-method> <!-- Apple -->
      </class> <!-- package2.Class2 -->
    </test> <!-- Test -->
  </suite> <!-- Suite (0) -->
</testng-results>
