<?xml version="1.0" encoding="UTF-8"?>
<testng-results skipped="0" failed="0" ignored="0" total="1" passed="1">
  <reporter-output>
  </reporter-output>
  <suite name="Suite" duration-ms="83" started-at="2020-06-16T18:32:12 IST" finished-at="2020-06-16T18:32:13 IST">
    <groups>
    </groups>
    <test name="Test" duration-ms="83" started-at="2020-06-16T18:32:12 IST" finished-at="2020-06-16T18:32:13 IST">
      <class name="package3.Class3">
        <test-method status="PASS" signature="BMW()[pri:0, instance:package3.Class3@78c03f1f]" name="BMW" duration-ms="15" started-at="2020-06-16T18:32:13 IST" finished-at="2020-06-16T18:32:13 IST">
          <reporter-output>
          </reporter-output>
        </test-method> <!-- BMW -->
      </class> <!-- package3.Class3 -->
    </test> <!-- Test -->
  </suite> <!-- Suite -->
</testng-results>
